<?xml version="1.0" encoding="UTF-8"?>
<!-- Generated by org.testng.reporters.JUnitReportReporter -->
<testsuite hostname="LAPTOP-IDMVG1HM" failures="0" tests="1" name="Restpack.Updateapi" time="3.816" errors="0" timestamp="2023-11-09T16:01:07 IST" skipped="0">
  <testcase classname="Restpack.Updateapi" name="updateplace" time="3.816"/>
  <system-out/>
</testsuite> <!-- Restpack.Updateapi -->
