<?xml version="1.0" encoding="UTF-8"?>
<!-- Generated by org.testng.reporters.JUnitReportReporter -->
<testsuite hostname="LAPTOP-IDMVG1HM" failures="0" tests="2" name="Restpack.Basicapi" time="4.129" errors="0" timestamp="2023-11-09T15:11:12 IST" skipped="0">
  <testcase classname="Restpack.Basicapi" name="basic" time="3.869"/>
  <system-out/>
  <testcase classname="Restpack.Basicapi" name="basicpost" time="0.260"/>
  <system-out/>
</testsuite> <!-- Restpack.Basicapi -->
